build/app/outputs/mapping/release/usage.txt
com.mermes.project_flutter.R$integer
com.mermes.project_flutter.R$dimen
com.mermes.project_flutter.R$mipmap
com.mermes.project_flutter.R$drawable
com.mermes.project_flutter.R$color
com.mermes.project_flutter.R
com.mermes.project_flutter.R$attr
com.mermes.project_flutter.R$styleable
com.mermes.project_flutter.R$id
com.mermes.project_flutter.BuildConfig
com.mermes.project_flutter.R$string
com.mermes.project_flutter.R$style
com.mermes.project_flutter.R$layout
...
io.flutter.view.FlutterView$SurfaceTextureRegistryEntry
androidx.lifecycle.Transformations
com.google.common.util.concurrent.AbstractTransformFuture$TransformFuture
kotlin.collections.SlidingWindowKt$windowedSequence$$inlined$Sequence$1
androidx.customview.R$integer
com.google.common.collect.ImmutableListMultimap
com.google.common.collect.MultimapBuilder$MultimapBuilderWithKeys$3
javax.annotation.meta.TypeQualifierDefault
androidx.fragment.app.FragmentTransitionCompat21$2
androidx.core.app.TaskStackBuilder
com.google.common.collect.RegularContiguousSet$3
com.google.common.cache.CacheBuilderSpec$1
io.flutter.plugins.pathprovider.R$attr
com.google.common.util.concurrent.CollectionFuture$ListFuture$ListFutureRunningState
com.google.common.base.Functions$ConstantFunction
com.google.common.collect.Tables$TransposeTable$1
com.google.common.collect.CompactHashMap$Itr
com.google.common.collect.HashBiMap$EntrySet
com.google.common.base.Joiner$MapJoiner
com.google.common.primitives.Bytes$ByteArrayAsList
androidx.lifecycle.LiveData$LifecycleBoundObserver:
    void <init>(androidx.lifecycle.LiveData,androidx.lifecycle.LifecycleOwner,androidx.lifecycle.Observer)
    boolean isAttachedTo(androidx.lifecycle.LifecycleOwner)
    void detachObserver()
com.google.common.util.concurrent.AbstractScheduledService$ServiceDelegate
kotlin.random.KotlinRandom
com.google.common.collect.Synchronized$SynchronizedTable$2
kotlin.collections.SlidingWindowKt
com.google.common.base.Splitter$MapSplitter
com.google.common.collect.Sets$ImprovedAbstractSet
kotlin.comparisons.ComparisonsKt__ComparisonsKt$thenBy$2
io.flutter.plugins.pathprovider.R$drawable
com.google.common.collect.Multimaps$UnmodifiableMultimap$1
com.google.common.base.Predicates$ObjectPredicate
androidx.loader.R$dimen
androidx.core.provider.SelfDestructiveThread$3
com.google.common.collect.Maps$7
androidx.lifecycle.Transformations$2$1
kotlin.ranges.ClosedFloatingPointRange
androidx.viewpager.widget.PagerTitleStrip$PageListener
kotlin.comparisons.ComparisonsKt__ComparisonsKt$then$1
io.flutter.view.AccessibilityBridge:
    public int getHoveredObjectId()
    public void reset()
    private static final java.lang.String TAG
    private static final int ACTION_SHOW_ON_SCREEN
    private static final float SCROLL_EXTENT_FOR_INFINITY
    private static final float SCROLL_POSITION_CAP_FOR_INFINITY
    private static final int ROOT_NODE_ID
    private static final int MIN_ENGINE_GENERATED_NODE_ID
io.flutter.plugin.common.EventChannel$StreamHandler
kotlin.jvm.internal.Ref$DoubleRef
com.google.common.collect.Multisets$ViewMultiset
com.google.common.eventbus.AllowConcurrentEvents
com.google.common.graph.ImmutableNetwork$Builder
com.google.common.hash.LongAddables$2
com.google.common.graph.Graphs$TransposedNetwork
androidx.fragment.app.FragmentTransitionImpl$3
org.intellij.lang.annotations.JdkConstants$HorizontalAlignment
androidx.core.widget.NestedScrollView$SavedState
com.google.common.collect.Maps$12
androidx.annotation.RequiresFeature
com.google.common.collect.AbstractMultimap$Entries
androidx.core.os.ParcelCompat
androidx.core.view.ViewPropertyAnimatorUpdateListener
com.google.common.base.Splitter$Strategy
kotlin.jvm.internal.MutablePropertyReference2
androidx.customview.widget.ViewDragHelper$Callback
com.google.common.collect.EnumMultiset$2
com.google.common.hash.ChecksumHashFunction
androidx.core.R$id
com.google.common.collect.ForwardingSortedMap
com.google.common.collect.SingletonImmutableSet
androidx.fragment.app.BackStackState
com.google.common.collect.LinkedListMultimap$1ValuesImpl
com.google.common.collect.ImmutableMultimap$FieldSettersHolder
androidx.viewpager.widget.PagerTabStrip$1
androidx.core.content.PermissionChecker$PermissionResult
com.google.common.escape.Platform$1
com.tekartik.sqflite.R$dimen
androidx.customview.R$drawable
com.google.common.graph.EndpointPair
androidx.core.view.WindowCompat
androidx.core.util.Supplier
com.google.common.base.CharMatcher$FastMatcher